<?xml version="1.0" encoding="UTF-8"?>
<robot generator="Robot 7.3.2 (Python 3.9.6 on darwin)" generated="2025-09-18T16:22:49.670832" rpa="false" schemaversion="5">
<suite id="s1" name="Tests" source="/Users/admin/Documents/Compass/Robot/robot-api-tests/tests">
<suite id="s1-s1" name="Restful Api" source="/Users/admin/Documents/Compass/Robot/robot-api-tests/tests/restful_api.robot">
<kw name="Criar Sessão API" owner="api_keywords" type="SETUP">
<kw name="Create Session" owner="RequestsLibrary">
<msg time="2025-09-18T16:22:49.752374" level="INFO">Creating Session using : alias=api, url=https://restful-booker.herokuapp.com, headers={},                     cookies={}, auth=None, timeout=None, proxies=None, verify=False,                     debug=0 </msg>
<arg>api</arg>
<arg>${url}</arg>
<doc>Create Session: create a HTTP session to a server</doc>
<status status="PASS" start="2025-09-18T16:22:49.752258" elapsed="0.000301"/>
</kw>
<arg>${BOOKER_URL}</arg>
<status status="PASS" start="2025-09-18T16:22:49.751814" elapsed="0.000808"/>
</kw>
<test id="s1-s1-t1" name="Criar Token" line="10">
<kw name="Criar Dicionário" owner="api_keywords">
<kw name="Create Dictionary" owner="BuiltIn">
<msg time="2025-09-18T16:22:49.753413" level="INFO">&amp;{dict} = { username=admin | password=password123 }</msg>
<var>&amp;{dict}</var>
<arg>@{args}</arg>
<doc>Creates and returns a dictionary based on the given ``items``.</doc>
<status status="PASS" start="2025-09-18T16:22:49.753209" elapsed="0.000224"/>
</kw>
<return>
<value>${dict}</value>
<status status="PASS" start="2025-09-18T16:22:49.753472" elapsed="0.000028"/>
</return>
<msg time="2025-09-18T16:22:49.753613" level="INFO">&amp;{data} = { username=admin | password=password123 }</msg>
<var>&amp;{data}</var>
<arg>username</arg>
<arg>${USERNAME}</arg>
<arg>password</arg>
<arg>${PASSWORD}</arg>
<status status="PASS" start="2025-09-18T16:22:49.752992" elapsed="0.000643"/>
</kw>
<kw name="Realizar Requisição POST" owner="api_keywords">
<kw name="POST On Session" owner="RequestsLibrary">
<msg time="2025-09-18T16:22:50.856630" level="INFO">POST Request : url=https://restful-booker.herokuapp.com/auth 
 path_url=/auth 
 headers={'User-Agent': 'python-requests/2.32.5', 'Accept-Encoding': 'gzip, deflate', 'Accept': '*/*', 'Connection': 'keep-alive', 'Content-Length': '48', 'Content-Type': 'application/json'} 
 body=b'{"username": "admin", "password": "password123"}' 
 </msg>
<msg time="2025-09-18T16:22:50.856980" level="INFO">POST Response : url=https://restful-booker.herokuapp.com/auth 
 status=200, reason=OK 
 headers={'Content-Length': '27', 'Content-Type': 'application/json; charset=utf-8', 'Date': 'Thu, 18 Sep 2025 20:22:51 GMT', 'Etag': 'W/"1b-0KC3VCdDNLzpQSAocx7Dzbb4+dU"', 'Nel': '{"report_to":"heroku-nel","response_headers":["Via"],"max_age":3600,"success_fraction":0.01,"failure_fraction":0.1}', 'Report-To': '{"group":"heroku-nel","endpoints":[{"url":"https://nel.heroku.com/reports?s=aRWt80MCNXX5KCEYaNKdUYfHhCeC1aRvwIQR937oOxc%3D\\u0026sid=c46efe9b-d3d2-4a0c-8c76-bfafa16c5add\\u0026ts=1758226971"}],"max_age":3600}', 'Reporting-Endpoints': 'heroku-nel="https://nel.heroku.com/reports?s=aRWt80MCNXX5KCEYaNKdUYfHhCeC1aRvwIQR937oOxc%3D&amp;sid=c46efe9b-d3d2-4a0c-8c76-bfafa16c5add&amp;ts=1758226971"', 'Server': 'Heroku', 'Via': '1.1 heroku-router', 'X-Powered-By': 'Express'} 
 body={"token":"95ceb282f4aa508"} 
 </msg>
<msg time="2025-09-18T16:22:50.857110" level="INFO">/Users/admin/Documents/Compass/Robot/robot-api-tests/venv/lib/python3.9/site-packages/urllib3/connectionpool.py:1097: InsecureRequestWarning: Unverified HTTPS request is being made to host 'restful-booker.herokuapp.com'. Adding certificate verification is strongly advised. See: https://urllib3.readthedocs.io/en/latest/advanced-usage.html#tls-warnings
  warnings.warn(</msg>
<msg time="2025-09-18T16:22:50.857381" level="INFO">${resp} = &lt;Response [200]&gt;</msg>
<var>${resp}</var>
<arg>api</arg>
<arg>${endpoint}</arg>
<arg>json=${data}</arg>
<doc>Sends a POST request on a previously created HTTP Session.</doc>
<status status="PASS" start="2025-09-18T16:22:49.753964" elapsed="1.103450"/>
</kw>
<return>
<value>${resp}</value>
<status status="PASS" start="2025-09-18T16:22:50.857603" elapsed="0.000071"/>
</return>
<msg time="2025-09-18T16:22:50.857838" level="INFO">${resp} = &lt;Response [200]&gt;</msg>
<var>${resp}</var>
<arg>/auth</arg>
<arg>${data}</arg>
<status status="PASS" start="2025-09-18T16:22:49.753769" elapsed="1.104089"/>
</kw>
<kw name="Verificar Status Code" owner="api_keywords">
<kw name="Should Be Equal As Integers" owner="BuiltIn">
<msg time="2025-09-18T16:22:50.859063" level="INFO">Argument types are:
&lt;class 'int'&gt;
&lt;class 'str'&gt;</msg>
<arg>${response.status_code}</arg>
<arg>${expected_code}</arg>
<doc>Fails if objects are unequal after converting them to integers.</doc>
<status status="PASS" start="2025-09-18T16:22:50.858575" elapsed="0.000538"/>
</kw>
<arg>${resp}</arg>
<arg>200</arg>
<status status="PASS" start="2025-09-18T16:22:50.858217" elapsed="0.000948"/>
</kw>
<kw name="Set Variable" owner="BuiltIn">
<msg time="2025-09-18T16:22:50.859659" level="INFO">${token} = 95ceb282f4aa508</msg>
<var>${token}</var>
<arg>${resp.json()["token"]}</arg>
<doc>Returns the given values which can then be assigned to a variables.</doc>
<status status="PASS" start="2025-09-18T16:22:50.859274" elapsed="0.000406"/>
</kw>
<kw name="Set Suite Variable" owner="BuiltIn">
<msg time="2025-09-18T16:22:50.860384" level="INFO">${AUTH_TOKEN} = 95ceb282f4aa508</msg>
<arg>${AUTH_TOKEN}</arg>
<arg>${token}</arg>
<doc>Makes a variable available everywhere within the scope of the current suite.</doc>
<status status="PASS" start="2025-09-18T16:22:50.859818" elapsed="0.000601"/>
</kw>
<tag>auth</tag>
<tag>smoke</tag>
<status status="PASS" start="2025-09-18T16:22:49.752670" elapsed="1.107964"/>
</test>
<test id="s1-s1-t2" name="Criar Reserva" line="18">
<kw name="Criar Dicionário" owner="api_keywords">
<kw name="Create Dictionary" owner="BuiltIn">
<msg time="2025-09-18T16:22:50.861843" level="INFO">&amp;{dict} = { firstname=Gabriel | lastname=Tester | totalprice=100 | depositpaid=True | additionalneeds=Breakfast }</msg>
<var>&amp;{dict}</var>
<arg>@{args}</arg>
<doc>Creates and returns a dictionary based on the given ``items``.</doc>
<status status="PASS" start="2025-09-18T16:22:50.861616" elapsed="0.000254"/>
</kw>
<return>
<value>${dict}</value>
<status status="PASS" start="2025-09-18T16:22:50.861916" elapsed="0.000031"/>
</return>
<msg time="2025-09-18T16:22:50.862135" level="INFO">&amp;{booking} = { firstname=Gabriel | lastname=Tester | totalprice=100 | depositpaid=True | additionalneeds=Breakfast }</msg>
<var>&amp;{booking}</var>
<arg>firstname</arg>
<arg>Gabriel</arg>
<arg>lastname</arg>
<arg>Tester</arg>
<arg>totalprice</arg>
<arg>100</arg>
<arg>depositpaid</arg>
<arg>True</arg>
<arg>additionalneeds</arg>
<arg>Breakfast</arg>
<status status="PASS" start="2025-09-18T16:22:50.861297" elapsed="0.000861"/>
</kw>
<kw name="Criar Dicionário" owner="api_keywords">
<kw name="Create Dictionary" owner="BuiltIn">
<msg time="2025-09-18T16:22:50.863264" level="INFO">&amp;{dict} = { checkin=2025-09-04 | checkout=2025-09-10 }</msg>
<var>&amp;{dict}</var>
<arg>@{args}</arg>
<doc>Creates and returns a dictionary based on the given ``items``.</doc>
<status status="PASS" start="2025-09-18T16:22:50.862929" elapsed="0.000361"/>
</kw>
<return>
<value>${dict}</value>
<status status="PASS" start="2025-09-18T16:22:50.863333" elapsed="0.000030"/>
</return>
<msg time="2025-09-18T16:22:50.863476" level="INFO">&amp;{dates} = { checkin=2025-09-04 | checkout=2025-09-10 }</msg>
<var>&amp;{dates}</var>
<arg>checkin</arg>
<arg>2025-09-04</arg>
<arg>checkout</arg>
<arg>2025-09-10</arg>
<status status="PASS" start="2025-09-18T16:22:50.862361" elapsed="0.001135"/>
</kw>
<kw name="Adicionar Item ao Dicionário" owner="api_keywords">
<kw name="Set To Dictionary" owner="Collections">
<arg>${dict}</arg>
<arg>${key}</arg>
<arg>${value}</arg>
<doc>Adds the given ``key_value_pairs`` and/or ``items`` to the ``dictionary``.</doc>
<status status="PASS" start="2025-09-18T16:22:50.865140" elapsed="0.000342"/>
</kw>
<return>
<value>${dict}</value>
<status status="PASS" start="2025-09-18T16:22:50.865634" elapsed="0.000051"/>
</return>
<msg time="2025-09-18T16:22:50.865890" level="INFO">&amp;{booking} = { firstname=Gabriel | lastname=Tester | totalprice=100 | depositpaid=True | additionalneeds=Breakfast | bookingdates={'checkin': '2025-09-04', 'checkout': '2025-09-10'} }</msg>
<var>&amp;{booking}</var>
<arg>${booking}</arg>
<arg>bookingdates</arg>
<arg>${dates}</arg>
<status status="PASS" start="2025-09-18T16:22:50.864055" elapsed="0.001867"/>
</kw>
<kw name="Realizar Requisição POST" owner="api_keywords">
<kw name="POST On Session" owner="RequestsLibrary">
<msg time="2025-09-18T16:22:51.035320" level="INFO">POST Request : url=https://restful-booker.herokuapp.com/booking 
 path_url=/booking 
 headers={'User-Agent': 'python-requests/2.32.5', 'Accept-Encoding': 'gzip, deflate', 'Accept': '*/*', 'Connection': 'keep-alive', 'Content-Length': '191', 'Content-Type': 'application/json'} 
 body=b'{"firstname": "Gabriel", "lastname": "Tester", "totalprice": "100", "depositpaid": "True", "additionalneeds": "Breakfast", "bookingdates": {"checkin": "2025-09-04", "checkout": "2025-09-10"}}' 
 </msg>
<msg time="2025-09-18T16:22:51.035418" level="INFO">POST Response : url=https://restful-booker.herokuapp.com/booking 
 status=200, reason=OK 
 headers={'Content-Length': '202', 'Content-Type': 'application/json; charset=utf-8', 'Date': 'Thu, 18 Sep 2025 20:22:51 GMT', 'Etag': 'W/"ca-SEjMmjBeRb39vP8PKSx53JSSllA"', 'Nel': '{"report_to":"heroku-nel","response_headers":["Via"],"max_age":3600,"success_fraction":0.01,"failure_fraction":0.1}', 'Report-To': '{"group":"heroku-nel","endpoints":[{"url":"https://nel.heroku.com/reports?s=aRWt80MCNXX5KCEYaNKdUYfHhCeC1aRvwIQR937oOxc%3D\\u0026sid=c46efe9b-d3d2-4a0c-8c76-bfafa16c5add\\u0026ts=1758226971"}],"max_age":3600}', 'Reporting-Endpoints': 'heroku-nel="https://nel.heroku.com/reports?s=aRWt80MCNXX5KCEYaNKdUYfHhCeC1aRvwIQR937oOxc%3D&amp;sid=c46efe9b-d3d2-4a0c-8c76-bfafa16c5add&amp;ts=1758226971"', 'Server': 'Heroku', 'Via': '1.1 heroku-router', 'X-Powered-By': 'Express'} 
 body={"bookingid":1038,"booking":{"firstname":"Gabriel","lastname":"Tester","totalprice":100,"depositpaid":true,"bookingdates":{"checkin":"2025-09-04","checkout":"2025-09-10"},"additionalneeds":"Breakfast"}} 
 </msg>
<msg time="2025-09-18T16:22:51.035477" level="INFO">/Users/admin/Documents/Compass/Robot/robot-api-tests/venv/lib/python3.9/site-packages/urllib3/connectionpool.py:1097: InsecureRequestWarning: Unverified HTTPS request is being made to host 'restful-booker.herokuapp.com'. Adding certificate verification is strongly advised. See: https://urllib3.readthedocs.io/en/latest/advanced-usage.html#tls-warnings
  warnings.warn(</msg>
<msg time="2025-09-18T16:22:51.035917" level="INFO">${resp} = &lt;Response [200]&gt;</msg>
<var>${resp}</var>
<arg>api</arg>
<arg>${endpoint}</arg>
<arg>json=${data}</arg>
<doc>Sends a POST request on a previously created HTTP Session.</doc>
<status status="PASS" start="2025-09-18T16:22:50.866542" elapsed="0.169436"/>
</kw>
<return>
<value>${resp}</value>
<status status="PASS" start="2025-09-18T16:22:51.036066" elapsed="0.000139"/>
</return>
<msg time="2025-09-18T16:22:51.036502" level="INFO">${resp} = &lt;Response [200]&gt;</msg>
<var>${resp}</var>
<arg>/booking</arg>
<arg>${booking}</arg>
<status status="PASS" start="2025-09-18T16:22:50.866261" elapsed="0.170261"/>
</kw>
<kw name="Verificar Status Code" owner="api_keywords">
<kw name="Should Be Equal As Integers" owner="BuiltIn">
<msg time="2025-09-18T16:22:51.037665" level="INFO">Argument types are:
&lt;class 'int'&gt;
&lt;class 'str'&gt;</msg>
<arg>${response.status_code}</arg>
<arg>${expected_code}</arg>
<doc>Fails if objects are unequal after converting them to integers.</doc>
<status status="PASS" start="2025-09-18T16:22:51.037272" elapsed="0.000443"/>
</kw>
<arg>${resp}</arg>
<arg>200</arg>
<status status="PASS" start="2025-09-18T16:22:51.036963" elapsed="0.000801"/>
</kw>
<kw name="Set Variable" owner="BuiltIn">
<msg time="2025-09-18T16:22:51.038222" level="INFO">${BOOKING_ID} = 1038</msg>
<var>${BOOKING_ID}</var>
<arg>${resp.json()["bookingid"]}</arg>
<doc>Returns the given values which can then be assigned to a variables.</doc>
<status status="PASS" start="2025-09-18T16:22:51.037885" elapsed="0.000356"/>
</kw>
<kw name="Set Suite Variable" owner="BuiltIn">
<msg time="2025-09-18T16:22:51.038578" level="INFO">${BOOKING_ID} = 1038</msg>
<arg>${BOOKING_ID}</arg>
<doc>Makes a variable available everywhere within the scope of the current suite.</doc>
<status status="PASS" start="2025-09-18T16:22:51.038392" elapsed="0.000214"/>
</kw>
<tag>regression</tag>
<tag>smoke</tag>
<status status="PASS" start="2025-09-18T16:22:50.860841" elapsed="0.177898"/>
</test>
<test id="s1-s1-t3" name="Editar Reserva" line="28">
<kw name="Criar Dicionário" owner="api_keywords">
<kw name="Create Dictionary" owner="BuiltIn">
<msg time="2025-09-18T16:22:51.040049" level="INFO">&amp;{dict} = { Cookie=token=95ceb282f4aa508 }</msg>
<var>&amp;{dict}</var>
<arg>@{args}</arg>
<doc>Creates and returns a dictionary based on the given ``items``.</doc>
<status status="PASS" start="2025-09-18T16:22:51.039882" elapsed="0.000190"/>
</kw>
<return>
<value>${dict}</value>
<status status="PASS" start="2025-09-18T16:22:51.040113" elapsed="0.000027"/>
</return>
<msg time="2025-09-18T16:22:51.040258" level="INFO">&amp;{headers} = { Cookie=token=95ceb282f4aa508 }</msg>
<var>&amp;{headers}</var>
<arg>Cookie</arg>
<arg>token=${AUTH_TOKEN}</arg>
<status status="PASS" start="2025-09-18T16:22:51.039590" elapsed="0.000688"/>
</kw>
<kw name="Criar Dicionário" owner="api_keywords">
<kw name="Create Dictionary" owner="BuiltIn">
<msg time="2025-09-18T16:22:51.041045" level="INFO">&amp;{dict} = { firstname=Gabriel | lastname=Atualizado | totalprice=200 | depositpaid=False }</msg>
<var>&amp;{dict}</var>
<arg>@{args}</arg>
<doc>Creates and returns a dictionary based on the given ``items``.</doc>
<status status="PASS" start="2025-09-18T16:22:51.040899" elapsed="0.000164"/>
</kw>
<return>
<value>${dict}</value>
<status status="PASS" start="2025-09-18T16:22:51.041096" elapsed="0.000019"/>
</return>
<msg time="2025-09-18T16:22:51.041209" level="INFO">&amp;{update} = { firstname=Gabriel | lastname=Atualizado | totalprice=200 | depositpaid=False }</msg>
<var>&amp;{update}</var>
<arg>firstname</arg>
<arg>Gabriel</arg>
<arg>lastname</arg>
<arg>Atualizado</arg>
<arg>totalprice</arg>
<arg>200</arg>
<arg>depositpaid</arg>
<arg>False</arg>
<status status="PASS" start="2025-09-18T16:22:51.040645" elapsed="0.000580"/>
</kw>
<kw name="Criar Dicionário" owner="api_keywords">
<kw name="Create Dictionary" owner="BuiltIn">
<msg time="2025-09-18T16:22:51.041656" level="INFO">&amp;{dict} = { checkin=2025-09-05 | checkout=2025-09-12 }</msg>
<var>&amp;{dict}</var>
<arg>@{args}</arg>
<doc>Creates and returns a dictionary based on the given ``items``.</doc>
<status status="PASS" start="2025-09-18T16:22:51.041531" elapsed="0.000142"/>
</kw>
<return>
<value>${dict}</value>
<status status="PASS" start="2025-09-18T16:22:51.041704" elapsed="0.000017"/>
</return>
<msg time="2025-09-18T16:22:51.041809" level="INFO">&amp;{dates} = { checkin=2025-09-05 | checkout=2025-09-12 }</msg>
<var>&amp;{dates}</var>
<arg>checkin</arg>
<arg>2025-09-05</arg>
<arg>checkout</arg>
<arg>2025-09-12</arg>
<status status="PASS" start="2025-09-18T16:22:51.041356" elapsed="0.000469"/>
</kw>
<kw name="Adicionar Item ao Dicionário" owner="api_keywords">
<kw name="Set To Dictionary" owner="Collections">
<arg>${dict}</arg>
<arg>${key}</arg>
<arg>${value}</arg>
<doc>Adds the given ``key_value_pairs`` and/or ``items`` to the ``dictionary``.</doc>
<status status="PASS" start="2025-09-18T16:22:51.042195" elapsed="0.000261"/>
</kw>
<return>
<value>${dict}</value>
<status status="PASS" start="2025-09-18T16:22:51.042492" elapsed="0.000017"/>
</return>
<msg time="2025-09-18T16:22:51.042612" level="INFO">&amp;{update} = { firstname=Gabriel | lastname=Atualizado | totalprice=200 | depositpaid=False | bookingdates={'checkin': '2025-09-05', 'checkout': '2025-09-12'} }</msg>
<var>&amp;{update}</var>
<arg>${update}</arg>
<arg>bookingdates</arg>
<arg>${dates}</arg>
<status status="PASS" start="2025-09-18T16:22:51.041940" elapsed="0.000860"/>
</kw>
<kw name="Realizar Requisição PUT" owner="api_keywords">
<kw name="PUT On Session" owner="RequestsLibrary">
<msg time="2025-09-18T16:22:51.214335" level="INFO">PUT Request : url=https://restful-booker.herokuapp.com/booking/1038 
 path_url=/booking/1038 
 headers={'User-Agent': 'python-requests/2.32.5', 'Accept-Encoding': 'gzip, deflate', 'Accept': '*/*', 'Connection': 'keep-alive', 'Cookie': 'token=95ceb282f4aa508', 'Content-Length': '164', 'Content-Type': 'application/json'} 
 body=b'{"firstname": "Gabriel", "lastname": "Atualizado", "totalprice": "200", "depositpaid": "False", "bookingdates": {"checkin": "2025-09-05", "checkout": "2025-09-12"}}' 
 </msg>
<msg time="2025-09-18T16:22:51.214450" level="INFO">PUT Response : url=https://restful-booker.herokuapp.com/booking/1038 
 status=200, reason=OK 
 headers={'Content-Length': '177', 'Content-Type': 'application/json; charset=utf-8', 'Date': 'Thu, 18 Sep 2025 20:22:51 GMT', 'Etag': 'W/"b1-8z8O8thg/hAUxCXynFMgAO6KNhM"', 'Nel': '{"report_to":"heroku-nel","response_headers":["Via"],"max_age":3600,"success_fraction":0.01,"failure_fraction":0.1}', 'Report-To': '{"group":"heroku-nel","endpoints":[{"url":"https://nel.heroku.com/reports?s=aRWt80MCNXX5KCEYaNKdUYfHhCeC1aRvwIQR937oOxc%3D\\u0026sid=c46efe9b-d3d2-4a0c-8c76-bfafa16c5add\\u0026ts=1758226971"}],"max_age":3600}', 'Reporting-Endpoints': 'heroku-nel="https://nel.heroku.com/reports?s=aRWt80MCNXX5KCEYaNKdUYfHhCeC1aRvwIQR937oOxc%3D&amp;sid=c46efe9b-d3d2-4a0c-8c76-bfafa16c5add&amp;ts=1758226971"', 'Server': 'Heroku', 'Via': '1.1 heroku-router', 'X-Powered-By': 'Express'} 
 body={"firstname":"Gabriel","lastname":"Atualizado","totalprice":200,"depositpaid":true,"bookingdates":{"checkin":"2025-09-05","checkout":"2025-09-12"},"additionalneeds":"Breakfast"} 
 </msg>
<msg time="2025-09-18T16:22:51.214666" level="INFO">/Users/admin/Documents/Compass/Robot/robot-api-tests/venv/lib/python3.9/site-packages/urllib3/connectionpool.py:1097: InsecureRequestWarning: Unverified HTTPS request is being made to host 'restful-booker.herokuapp.com'. Adding certificate verification is strongly advised. See: https://urllib3.readthedocs.io/en/latest/advanced-usage.html#tls-warnings
  warnings.warn(</msg>
<msg time="2025-09-18T16:22:51.217800" level="INFO">${resp} = &lt;Response [200]&gt;</msg>
<var>${resp}</var>
<arg>api</arg>
<arg>${endpoint}</arg>
<arg>json=${data}</arg>
<arg>headers=${headers}</arg>
<doc>Sends a PUT request on a previously created HTTP Session.</doc>
<status status="PASS" start="2025-09-18T16:22:51.043906" elapsed="0.174192"/>
</kw>
<return>
<value>${resp}</value>
<status status="PASS" start="2025-09-18T16:22:51.218417" elapsed="0.000065"/>
</return>
<msg time="2025-09-18T16:22:51.218776" level="INFO">${resp} = &lt;Response [200]&gt;</msg>
<var>${resp}</var>
<arg>/booking/${BOOKING_ID}</arg>
<arg>${update}</arg>
<arg>${headers}</arg>
<status status="PASS" start="2025-09-18T16:22:51.043235" elapsed="0.175562"/>
</kw>
<kw name="Verificar Status Code" owner="api_keywords">
<kw name="Should Be Equal As Integers" owner="BuiltIn">
<msg time="2025-09-18T16:22:51.224376" level="INFO">Argument types are:
&lt;class 'int'&gt;
&lt;class 'str'&gt;</msg>
<arg>${response.status_code}</arg>
<arg>${expected_code}</arg>
<doc>Fails if objects are unequal after converting them to integers.</doc>
<status status="PASS" start="2025-09-18T16:22:51.220977" elapsed="0.004385"/>
</kw>
<arg>${resp}</arg>
<arg>200</arg>
<status status="PASS" start="2025-09-18T16:22:51.219085" elapsed="0.006428"/>
</kw>
<kw name="Verificar JSON Contém" owner="api_keywords">
<kw name="Dictionary Should Contain Item" owner="Collections">
<arg>${response.json()}</arg>
<arg>${key}</arg>
<arg>${value}</arg>
<doc>An item of ``key`` / ``value`` must be found in a ``dictionary``.</doc>
<status status="PASS" start="2025-09-18T16:22:51.230780" elapsed="0.011354"/>
</kw>
<arg>${resp}</arg>
<arg>lastname</arg>
<arg>Atualizado</arg>
<status status="PASS" start="2025-09-18T16:22:51.225777" elapsed="0.016466"/>
</kw>
<tag>regression</tag>
<status status="PASS" start="2025-09-18T16:22:51.039195" elapsed="0.203219"/>
</test>
<test id="s1-s1-t4" name="Excluir Reserva" line="38">
<kw name="Criar Dicionário" owner="api_keywords">
<kw name="Create Dictionary" owner="BuiltIn">
<msg time="2025-09-18T16:22:51.258994" level="INFO">&amp;{dict} = { Cookie=token=95ceb282f4aa508 }</msg>
<var>&amp;{dict}</var>
<arg>@{args}</arg>
<doc>Creates and returns a dictionary based on the given ``items``.</doc>
<status status="PASS" start="2025-09-18T16:22:51.255424" elapsed="0.003608"/>
</kw>
<return>
<value>${dict}</value>
<status status="PASS" start="2025-09-18T16:22:51.259091" elapsed="0.000035"/>
</return>
<msg time="2025-09-18T16:22:51.259551" level="INFO">&amp;{headers} = { Cookie=token=95ceb282f4aa508 }</msg>
<var>&amp;{headers}</var>
<arg>Cookie</arg>
<arg>token=${AUTH_TOKEN}</arg>
<status status="PASS" start="2025-09-18T16:22:51.255139" elapsed="0.004439"/>
</kw>
<kw name="Realizar Requisição DELETE" owner="api_keywords">
<kw name="DELETE On Session" owner="RequestsLibrary">
<msg time="2025-09-18T16:22:51.764892" level="INFO">DELETE Request : url=https://restful-booker.herokuapp.com/booking/1038 
 path_url=/booking/1038 
 headers={'User-Agent': 'python-requests/2.32.5', 'Accept-Encoding': 'gzip, deflate', 'Accept': '*/*', 'Connection': 'keep-alive', 'Cookie': 'token=95ceb282f4aa508', 'Content-Length': '0'} 
 body=None 
 </msg>
<msg time="2025-09-18T16:22:51.765370" level="INFO">DELETE Response : url=https://restful-booker.herokuapp.com/booking/1038 
 status=201, reason=Created 
 headers={'Content-Length': '7', 'Content-Type': 'text/plain; charset=utf-8', 'Date': 'Thu, 18 Sep 2025 20:22:52 GMT', 'Etag': 'W/"7-rM9AyJuqT6iOan/xHh+AW+7K/T8"', 'Nel': '{"report_to":"heroku-nel","response_headers":["Via"],"max_age":3600,"success_fraction":0.01,"failure_fraction":0.1}', 'Report-To': '{"group":"heroku-nel","endpoints":[{"url":"https://nel.heroku.com/reports?s=xEXVQ1yVI%2FqzpEW%2FSMMxFxpj1JL6UNLF2FEROFrSISQ%3D\\u0026sid=c46efe9b-d3d2-4a0c-8c76-bfafa16c5add\\u0026ts=1758226972"}],"max_age":3600}', 'Reporting-Endpoints': 'heroku-nel="https://nel.heroku.com/reports?s=xEXVQ1yVI%2FqzpEW%2FSMMxFxpj1JL6UNLF2FEROFrSISQ%3D&amp;sid=c46efe9b-d3d2-4a0c-8c76-bfafa16c5add&amp;ts=1758226972"', 'Server': 'Heroku', 'Via': '1.1 heroku-router', 'X-Powered-By': 'Express'} 
 body=Created 
 </msg>
<msg time="2025-09-18T16:22:51.765552" level="INFO">/Users/admin/Documents/Compass/Robot/robot-api-tests/venv/lib/python3.9/site-packages/urllib3/connectionpool.py:1097: InsecureRequestWarning: Unverified HTTPS request is being made to host 'restful-booker.herokuapp.com'. Adding certificate verification is strongly advised. See: https://urllib3.readthedocs.io/en/latest/advanced-usage.html#tls-warnings
  warnings.warn(</msg>
<msg time="2025-09-18T16:22:51.765909" level="INFO">${resp} = &lt;Response [201]&gt;</msg>
<var>${resp}</var>
<arg>api</arg>
<arg>${endpoint}</arg>
<arg>headers=${headers}</arg>
<doc>Sends a DELETE request on a previously created HTTP Session.</doc>
<status status="PASS" start="2025-09-18T16:22:51.260163" elapsed="0.505801"/>
</kw>
<return>
<value>${resp}</value>
<status status="PASS" start="2025-09-18T16:22:51.766177" elapsed="0.000085"/>
</return>
<msg time="2025-09-18T16:22:51.766503" level="INFO">${resp} = &lt;Response [201]&gt;</msg>
<var>${resp}</var>
<arg>/booking/${BOOKING_ID}</arg>
<arg>${headers}</arg>
<status status="PASS" start="2025-09-18T16:22:51.259787" elapsed="0.506735"/>
</kw>
<kw name="Verificar Status Code" owner="api_keywords">
<kw name="Should Be Equal As Integers" owner="BuiltIn">
<msg time="2025-09-18T16:22:51.767936" level="INFO">Argument types are:
&lt;class 'int'&gt;
&lt;class 'str'&gt;</msg>
<arg>${response.status_code}</arg>
<arg>${expected_code}</arg>
<doc>Fails if objects are unequal after converting them to integers.</doc>
<status status="PASS" start="2025-09-18T16:22:51.767381" elapsed="0.000682"/>
</kw>
<arg>${resp}</arg>
<arg>201</arg>
<status status="PASS" start="2025-09-18T16:22:51.766957" elapsed="0.001391"/>
</kw>
<tag>regression</tag>
<status status="PASS" start="2025-09-18T16:22:51.251111" elapsed="0.517631"/>
</test>
<kw name="Delete All Sessions" owner="RequestsLibrary" type="TEARDOWN">
<msg time="2025-09-18T16:22:51.770069" level="INFO">Deleting All Sessions</msg>
<doc>Removes all the session objects</doc>
<status status="PASS" start="2025-09-18T16:22:51.769790" elapsed="0.000476"/>
</kw>
<doc>Testes para a API Restful-Booker.</doc>
<status status="PASS" start="2025-09-18T16:22:49.684188" elapsed="2.086186"/>
</suite>
<status status="PASS" start="2025-09-18T16:22:49.671724" elapsed="2.099443"/>
</suite>
<statistics>
<total>
<stat pass="4" fail="0" skip="0">All Tests</stat>
</total>
<tag>
<stat pass="1" fail="0" skip="0">auth</stat>
<stat pass="3" fail="0" skip="0">regression</stat>
<stat pass="2" fail="0" skip="0">smoke</stat>
</tag>
<suite>
<stat name="Tests" id="s1" pass="4" fail="0" skip="0">Tests</stat>
<stat name="Restful Api" id="s1-s1" pass="4" fail="0" skip="0">Tests.Restful Api</stat>
</suite>
</statistics>
<errors>
</errors>
</robot>
